{
  "stats": {
    "suites": 4,
    "tests": 16,
    "passes": 11,
    "pending": 0,
    "failures": 5,
    "start": "2020-11-20T01:27:21.836Z",
    "end": "2020-11-20T01:28:46.140Z",
    "duration": 54446,
    "testsRegistered": 16,
    "passPercent": 68.75,
    "pendingPercent": 0,
    "other": 0,
    "hasOther": false,
    "skipped": 0,
    "hasSkipped": false
  },
  "results": [
    {
      "uuid": "663a3899-d466-42c1-b47a-6f7b6a5a0c2d",
      "title": "",
      "fullFile": "cypress/integration/examples/TC_001.spec.js",
      "file": "cypress/integration/examples/TC_001.spec.js",
      "beforeHooks": [],
      "afterHooks": [],
      "tests": [],
      "suites": [
        {
          "uuid": "b2414a29-1949-4e56-8c42-3a4f71569a91",
          "title": "Navigate to multiple pages of the website and automate verification of the header and footer.",
          "fullFile": "",
          "file": "",
          "beforeHooks": [],
          "afterHooks": [],
          "tests": [
            {
              "title": "verification of homepage header",
              "fullTitle": "Navigate to multiple pages of the website and automate verification of the header and footer. verification of homepage header",
              "timedOut": null,
              "duration": 4230,
              "state": "passed",
              "speed": "slow",
              "pass": true,
              "fail": false,
              "pending": false,
              "context": null,
              "code": "cy.log('validating the header banner');\nhomepage.getHomePageHeaderBanner().should('have.attr', 'src', _headerFooter[\"default\"].headerBannerLink);\ncy.log('validating the header navigation panel');\nhomepage.getHeaderContactLink().should('have.text', _headerFooter[\"default\"].contactUsNowNumber);\nhomepage.getHeaderContactUsLink().should('have.prop', 'href', _headerFooter[\"default\"].contactUsLink).should('have.attr', 'title', _headerFooter[\"default\"].contactUsTitle).should('have.text', _headerFooter[\"default\"].contactUsText);\nhomepage.getHeaderSignInLink().should('have.prop', 'href', _headerFooter[\"default\"].signInLink).should('have.attr', 'title', _headerFooter[\"default\"].signInTitle).should('contain.text', _headerFooter[\"default\"].signInText);\nhomepage.getHomePageHeaderLogo().should('have.attr', 'title', _headerFooter[\"default\"].headerLogoTitle).should('have.prop', 'href', _headerFooter[\"default\"].headerLogoLink);",
              "err": {},
              "uuid": "08ae9b19-d006-438a-b7d7-fa42606d0e46",
              "parentUUID": "b2414a29-1949-4e56-8c42-3a4f71569a91",
              "isHook": false,
              "skipped": false
            },
            {
              "title": "verification of the homepage footer",
              "fullTitle": "Navigate to multiple pages of the website and automate verification of the header and footer. verification of the homepage footer",
              "timedOut": null,
              "duration": 548,
              "state": "passed",
              "speed": "slow",
              "pass": true,
              "fail": false,
              "pending": false,
              "context": null,
              "code": "cy.log('validating the static footer text');\nhomepage.getAllFooterInfo().should('contains.text', _headerFooter[\"default\"].footerStaticText);\ncy.log('validating the categories block');\nhomepage.getFooterCategoriesBlock().should('have.length', 1).each(function ($el, index) {\n  cy.wrap($el).should('contain.text', _headerFooter[\"default\"].footerCategoriesList[index]);\n  cy.wrap($el).should('have.attr', 'href', _headerFooter[\"default\"].footerCategoryLink);\n  cy.wrap($el).should('have.attr', 'title', _headerFooter[\"default\"].footerCategoryTitle);\n});\ncy.log('validating social block');\nhomepage.getFooterSocialBlock().should('have.length', 4).each(function ($el, index) {\n  cy.wrap($el).should('contain.text', _headerFooter[\"default\"].socialList[index]);\n  cy.wrap($el).should('have.attr', 'href');\n  cy.wrap($el).should('have.attr', 'target', '_blank');\n});\ncy.log('validating the Footer Information block');\nhomepage.getFooterInformationBlock().should('have.length', 8).each(function ($el, index) {\n  cy.wrap($el).should('contain.text', _headerFooter[\"default\"].footerInfoList[index]);\n  cy.wrap($el).should('have.attr', 'href');\n  cy.wrap($el).should('have.attr', 'title', _headerFooter[\"default\"].footerInfoList[index]);\n});\ncy.log('validating the Footer My Account block');\nhomepage.getFooterMyAccountBlock().should('have.length', 4).each(function ($el, index) {\n  cy.wrap($el).should('contain.text', _headerFooter[\"default\"].footerMyAccountList[index]);\n  cy.wrap($el).should('have.attr', 'href');\n});\ncy.log('validating the footer Store information');\nhomepage.getFooterStoreInfoBlock().should('have.length', 3).each(function ($el, index) {\n  cy.wrap($el).should('contain.text', _headerFooter[\"default\"].footerStoreInfoList[index]);\n});\nhomepage.getStorePhoneNumber().should('have.text', _headerFooter[\"default\"].storePhoneNum);\nhomepage.getStoreEmailAddress().should('have.text', _headerFooter[\"default\"].storeEmailAddress);",
              "err": {},
              "uuid": "bf70f972-349c-4f24-a401-6d96bf077e8d",
              "parentUUID": "b2414a29-1949-4e56-8c42-3a4f71569a91",
              "isHook": false,
              "skipped": false
            }
          ],
          "suites": [],
          "passes": [
            "08ae9b19-d006-438a-b7d7-fa42606d0e46",
            "bf70f972-349c-4f24-a401-6d96bf077e8d"
          ],
          "failures": [],
          "pending": [],
          "skipped": [],
          "duration": 4778,
          "root": false,
          "rootEmpty": false,
          "_timeout": 2000
        }
      ],
      "passes": [],
      "failures": [],
      "pending": [],
      "skipped": [],
      "duration": 0,
      "root": true,
      "rootEmpty": true,
      "_timeout": 2000
    },
    {
      "uuid": "2e8997d2-62b5-4d62-9366-e06641512cc3",
      "title": "",
      "fullFile": "cypress/integration/examples/TC_002.spec.js",
      "file": "cypress/integration/examples/TC_002.spec.js",
      "beforeHooks": [],
      "afterHooks": [],
      "tests": [],
      "suites": [
        {
          "uuid": "ef28a723-7301-4cd8-8230-65b67e3dfd40",
          "title": "Automate Newsletter subscription scenarios",
          "fullFile": "",
          "file": "",
          "beforeHooks": [],
          "afterHooks": [],
          "tests": [
            {
              "title": "validate the default text of the newsletter box",
              "fullTitle": "Automate Newsletter subscription scenarios validate the default text of the newsletter box",
              "timedOut": null,
              "duration": 4517,
              "state": "passed",
              "speed": "slow",
              "pass": true,
              "fail": false,
              "pending": false,
              "context": null,
              "code": "homepage.getNewsLetterEmailBox().should('have.attr', 'value', _newletter[\"default\"].defaultText);",
              "err": {},
              "uuid": "4fed6f0a-7ab1-44ff-8e58-c417fd1b500c",
              "parentUUID": "ef28a723-7301-4cd8-8230-65b67e3dfd40",
              "isHook": false,
              "skipped": false
            },
            {
              "title": "validate that user can register with valid email for the newsletter",
              "fullTitle": "Automate Newsletter subscription scenarios validate that user can register with valid email for the newsletter",
              "timedOut": null,
              "duration": 2014,
              "state": "passed",
              "speed": "slow",
              "pass": true,
              "fail": false,
              "pending": false,
              "context": null,
              "code": "homepage.getNewsLetterEmailBox().clear();\nhomepage.getNewsLetterEmailBox().type(rand + _newletter[\"default\"].emailDomain);\nhomepage.getSubmitNewsLetterBtn().click();\nhomepage.getNewsletterAlert().should('have.text', _newletter[\"default\"].successfulSubscription);\nhomepage.getNewsLetterEmailBox().should('have.attr', 'value', _newletter[\"default\"].successMsg);",
              "err": {},
              "uuid": "c3e65146-4fda-4153-a603-4a8077e8c122",
              "parentUUID": "ef28a723-7301-4cd8-8230-65b67e3dfd40",
              "isHook": false,
              "skipped": false
            },
            {
              "title": "validate that error message is generated when using duplicate email",
              "fullTitle": "Automate Newsletter subscription scenarios validate that error message is generated when using duplicate email",
              "timedOut": null,
              "duration": 1722,
              "state": "passed",
              "speed": "slow",
              "pass": true,
              "fail": false,
              "pending": false,
              "context": null,
              "code": "homepage.getNewsLetterEmailBox().clear();\nhomepage.getNewsLetterEmailBox().type(_newletter[\"default\"].subscriptionEmail);\nhomepage.getSubmitNewsLetterBtn().click();\nhomepage.getNewsletterAlert().should('have.text', _newletter[\"default\"].emailExists);\nhomepage.getNewsLetterEmailBox().should('have.attr', 'value', _newletter[\"default\"].emailPresent);",
              "err": {},
              "uuid": "9a0e2090-e182-4ddf-b462-d0066d2730c2",
              "parentUUID": "ef28a723-7301-4cd8-8230-65b67e3dfd40",
              "isHook": false,
              "skipped": false
            },
            {
              "title": "validate that newsletter field considers the leading spaces as invalid input",
              "fullTitle": "Automate Newsletter subscription scenarios validate that newsletter field considers the leading spaces as invalid input",
              "timedOut": null,
              "duration": 1594,
              "state": "passed",
              "speed": "slow",
              "pass": true,
              "fail": false,
              "pending": false,
              "context": null,
              "code": "homepage.getNewsLetterEmailBox().clear();\nhomepage.getNewsLetterEmailBox().type(_newletter[\"default\"].emailWithLeadingSpaces);\nhomepage.getSubmitNewsLetterBtn().click();\nhomepage.getNewsletterAlert().should('have.text', _newletter[\"default\"].invalidEmailMsg);\nhomepage.getNewsLetterEmailBox().should('have.attr', 'value', _newletter[\"default\"].invalidEmailValue);",
              "err": {},
              "uuid": "d32e6294-e3e7-4576-ba76-97d45ca9ba96",
              "parentUUID": "ef28a723-7301-4cd8-8230-65b67e3dfd40",
              "isHook": false,
              "skipped": false
            },
            {
              "title": "validate that newsletter field considers the trailing spaces as invalid input",
              "fullTitle": "Automate Newsletter subscription scenarios validate that newsletter field considers the trailing spaces as invalid input",
              "timedOut": null,
              "duration": 1740,
              "state": "passed",
              "speed": "slow",
              "pass": true,
              "fail": false,
              "pending": false,
              "context": null,
              "code": "homepage.getNewsLetterEmailBox().clear();\nhomepage.getNewsLetterEmailBox().type(_newletter[\"default\"].emailWithTrailingSpaces);\nhomepage.getSubmitNewsLetterBtn().click();\nhomepage.getNewsletterAlert().should('have.text', _newletter[\"default\"].invalidEmailMsg);\nhomepage.getNewsLetterEmailBox().should('have.attr', 'value', _newletter[\"default\"].invalidEmailValue);",
              "err": {},
              "uuid": "980184dd-775b-4e64-a056-cffe5367cac4",
              "parentUUID": "ef28a723-7301-4cd8-8230-65b67e3dfd40",
              "isHook": false,
              "skipped": false
            },
            {
              "title": "validate that user cannot signup to the newsletter when using invalid email",
              "fullTitle": "Automate Newsletter subscription scenarios validate that user cannot signup to the newsletter when using invalid email",
              "timedOut": null,
              "duration": 1802,
              "state": "passed",
              "speed": "slow",
              "pass": true,
              "fail": false,
              "pending": false,
              "context": null,
              "code": "homepage.getNewsLetterEmailBox().clear();\nhomepage.getNewsLetterEmailBox().type(_newletter[\"default\"].invalidEmail);\nhomepage.getSubmitNewsLetterBtn().click();\nhomepage.getNewsletterAlert().should('have.text', _newletter[\"default\"].invalidEmailMsg);\nhomepage.getNewsLetterEmailBox().should('have.attr', 'value', _newletter[\"default\"].invalidEmailValue);",
              "err": {},
              "uuid": "ba878dec-3f0c-4a3e-8740-95f7ded1c3f4",
              "parentUUID": "ef28a723-7301-4cd8-8230-65b67e3dfd40",
              "isHook": false,
              "skipped": false
            },
            {
              "title": "validate that error message is generated when using blank email",
              "fullTitle": "Automate Newsletter subscription scenarios validate that error message is generated when using blank email",
              "timedOut": null,
              "duration": 1457,
              "state": "passed",
              "speed": "slow",
              "pass": true,
              "fail": false,
              "pending": false,
              "context": null,
              "code": "homepage.getNewsLetterEmailBox().clear();\nhomepage.getNewsLetterEmailBox().type(_newletter[\"default\"].blank);\nhomepage.getSubmitNewsLetterBtn().click();\nhomepage.getNewsletterAlert().should('have.text', _newletter[\"default\"].invalidEmailMsg);\nhomepage.getNewsLetterEmailBox().should('have.attr', 'value', _newletter[\"default\"].invalidEmailValue);",
              "err": {},
              "uuid": "6beea1b6-4574-47d9-ae5e-9924372a6fbb",
              "parentUUID": "ef28a723-7301-4cd8-8230-65b67e3dfd40",
              "isHook": false,
              "skipped": false
            }
          ],
          "suites": [],
          "passes": [
            "4fed6f0a-7ab1-44ff-8e58-c417fd1b500c",
            "c3e65146-4fda-4153-a603-4a8077e8c122",
            "9a0e2090-e182-4ddf-b462-d0066d2730c2",
            "d32e6294-e3e7-4576-ba76-97d45ca9ba96",
            "980184dd-775b-4e64-a056-cffe5367cac4",
            "ba878dec-3f0c-4a3e-8740-95f7ded1c3f4",
            "6beea1b6-4574-47d9-ae5e-9924372a6fbb"
          ],
          "failures": [],
          "pending": [],
          "skipped": [],
          "duration": 14846,
          "root": false,
          "rootEmpty": false,
          "_timeout": 2000
        }
      ],
      "passes": [],
      "failures": [],
      "pending": [],
      "skipped": [],
      "duration": 0,
      "root": true,
      "rootEmpty": true,
      "_timeout": 2000
    },
    {
      "uuid": "363ea745-02ba-4c55-bad5-d8f44008c39f",
      "title": "",
      "fullFile": "cypress/integration/examples/TC_003.spec.js",
      "file": "cypress/integration/examples/TC_003.spec.js",
      "beforeHooks": [],
      "afterHooks": [],
      "tests": [],
      "suites": [
        {
          "uuid": "9484ffb4-3aa0-47b5-875c-da62fe1747d5",
          "title": "Automate Women > Dresses > Summer Dresses listing page",
          "fullFile": "",
          "file": "",
          "beforeHooks": [],
          "afterHooks": [],
          "tests": [
            {
              "title": "Navigate to Womens Summer Dress Page",
              "fullTitle": "Automate Women > Dresses > Summer Dresses listing page Navigate to Womens Summer Dress Page",
              "timedOut": null,
              "duration": 6741,
              "state": "passed",
              "speed": "slow",
              "pass": true,
              "fail": false,
              "pending": false,
              "context": null,
              "code": "summerDressPage = homePage.gotoWomensSummerDress(_baseFixture[\"default\"].waitTime);\ncy.url().should('include', 'controller=category');",
              "err": {},
              "uuid": "080b0969-ce8d-40cd-8427-c5746c56c715",
              "parentUUID": "9484ffb4-3aa0-47b5-875c-da62fe1747d5",
              "isHook": false,
              "skipped": false
            },
            {
              "title": "Validate using the filters and its results",
              "fullTitle": "Automate Women > Dresses > Summer Dresses listing page Validate using the filters and its results",
              "timedOut": null,
              "duration": 580,
              "state": "failed",
              "speed": null,
              "pass": false,
              "fail": true,
              "pending": false,
              "context": null,
              "code": "summerDressPage.checkGirlyStyleFilter();\nsummerDressPage.getLoadingSpinner().should('exist').then(function () {\n  throw new Error(_expectedFailure[\"default\"][\"Expected Filter Error\"]);\n});",
              "err": {
                "message": "Error: Expected Failure: Filter isn't working",
                "estack": "Error: Expected Failure: Filter isn't working\n    at Context.eval (http://automationpractice.com/__cypress/tests?p=cypress/integration/examples/TC_003.spec.js:1138:13)",
                "diff": null
              },
              "uuid": "1c143461-b94e-4103-ad95-189fe0f9e5db",
              "parentUUID": "9484ffb4-3aa0-47b5-875c-da62fe1747d5",
              "isHook": false,
              "skipped": false
            },
            {
              "title": "Validate sorting functionality - Price: Lowest first sort",
              "fullTitle": "Automate Women > Dresses > Summer Dresses listing page Validate sorting functionality - Price: Lowest first sort",
              "timedOut": null,
              "duration": 634,
              "state": "failed",
              "speed": null,
              "pass": false,
              "fail": true,
              "pending": false,
              "context": null,
              "code": "//Price: Lowest first sort\nsummerDressPage.sortByLowestPriceFirst();\nsummerDressPage.getLoadingSpinner().should('exist').then(function () {\n  throw new Error(_expectedFailure[\"default\"][\"Price Sort Error (L->H)\"]);\n});",
              "err": {
                "message": "Error: Expected Failure: Price: Lowest first sort isn't working",
                "estack": "Error: Expected Failure: Price: Lowest first sort isn't working\n    at Context.eval (http://automationpractice.com/__cypress/tests?p=cypress/integration/examples/TC_003.spec.js:1145:13)",
                "diff": null
              },
              "uuid": "8df492f8-e8f5-48f6-8082-6bbecfa0679e",
              "parentUUID": "9484ffb4-3aa0-47b5-875c-da62fe1747d5",
              "isHook": false,
              "skipped": false
            },
            {
              "title": "Validate sorting functionality - Price: Highest first sort",
              "fullTitle": "Automate Women > Dresses > Summer Dresses listing page Validate sorting functionality - Price: Highest first sort",
              "timedOut": null,
              "duration": 708,
              "state": "failed",
              "speed": null,
              "pass": false,
              "fail": true,
              "pending": false,
              "context": null,
              "code": "//Price: Highest first sort\nsummerDressPage.sortByHighestPriceFirst();\nsummerDressPage.getLoadingSpinner().should('exist').then(function () {\n  throw new Error(_expectedFailure[\"default\"][\"Price Sort Error (H->L)\"]);\n});",
              "err": {
                "message": "Error: Expected Failure: Price: Highest first sort isn't working",
                "estack": "Error: Expected Failure: Price: Highest first sort isn't working\n    at Context.eval (http://automationpractice.com/__cypress/tests?p=cypress/integration/examples/TC_003.spec.js:1152:13)",
                "diff": null
              },
              "uuid": "66b981e2-d937-49b3-b482-26ce3f573091",
              "parentUUID": "9484ffb4-3aa0-47b5-875c-da62fe1747d5",
              "isHook": false,
              "skipped": false
            },
            {
              "title": "Validate sorting functionality - Product Name: A to Z sort",
              "fullTitle": "Automate Women > Dresses > Summer Dresses listing page Validate sorting functionality - Product Name: A to Z sort",
              "timedOut": null,
              "duration": 647,
              "state": "failed",
              "speed": null,
              "pass": false,
              "fail": true,
              "pending": false,
              "context": null,
              "code": "//Product Name: A to Z\nsummerDressPage.sortByProductNameAtoZ();\nsummerDressPage.getLoadingSpinner().should('exist').then(function () {\n  throw new Error(_expectedFailure[\"default\"][\"Name Sort Error (A->Z)\"]);\n});",
              "err": {
                "message": "Error: Expected Failure: Product Name: A to Z sort isn't working",
                "estack": "Error: Expected Failure: Product Name: A to Z sort isn't working\n    at Context.eval (http://automationpractice.com/__cypress/tests?p=cypress/integration/examples/TC_003.spec.js:1159:13)",
                "diff": null
              },
              "uuid": "19155203-3372-4b27-9881-b875b39e0d95",
              "parentUUID": "9484ffb4-3aa0-47b5-875c-da62fe1747d5",
              "isHook": false,
              "skipped": false
            },
            {
              "title": "Validate sorting functionality - Product Name: Z to A sort",
              "fullTitle": "Automate Women > Dresses > Summer Dresses listing page Validate sorting functionality - Product Name: Z to A sort",
              "timedOut": null,
              "duration": 651,
              "state": "failed",
              "speed": null,
              "pass": false,
              "fail": true,
              "pending": false,
              "context": null,
              "code": "//Product Name: Z to A\nsummerDressPage.sortByProductNameZtoA();\nsummerDressPage.getLoadingSpinner().should('exist').then(function () {\n  throw new Error(_expectedFailure[\"default\"][\"Name Sort Error (Z->A)\"]);\n});",
              "err": {
                "message": "Error: Expected Failure: Product Name: Z to A sort isn't working",
                "estack": "Error: Expected Failure: Product Name: Z to A sort isn't working\n    at Context.eval (http://automationpractice.com/__cypress/tests?p=cypress/integration/examples/TC_003.spec.js:1166:13)",
                "diff": null
              },
              "uuid": "ccff78d2-080f-47ab-8f02-823cf4661bda",
              "parentUUID": "9484ffb4-3aa0-47b5-875c-da62fe1747d5",
              "isHook": false,
              "skipped": false
            }
          ],
          "suites": [],
          "passes": [
            "080b0969-ce8d-40cd-8427-c5746c56c715"
          ],
          "failures": [
            "1c143461-b94e-4103-ad95-189fe0f9e5db",
            "8df492f8-e8f5-48f6-8082-6bbecfa0679e",
            "66b981e2-d937-49b3-b482-26ce3f573091",
            "19155203-3372-4b27-9881-b875b39e0d95",
            "ccff78d2-080f-47ab-8f02-823cf4661bda"
          ],
          "pending": [],
          "skipped": [],
          "duration": 9961,
          "root": false,
          "rootEmpty": false,
          "_timeout": 2000
        }
      ],
      "passes": [],
      "failures": [],
      "pending": [],
      "skipped": [],
      "duration": 0,
      "root": true,
      "rootEmpty": true,
      "_timeout": 2000
    },
    {
      "uuid": "af5c40f6-feed-4e8e-8462-e8a3326b2c61",
      "title": "",
      "fullFile": "cypress/integration/examples/TC_004.spec.js",
      "file": "cypress/integration/examples/TC_004.spec.js",
      "beforeHooks": [],
      "afterHooks": [],
      "tests": [],
      "suites": [
        {
          "uuid": "80206004-555c-4cc3-801e-1080ac54bab6",
          "title": "Verify the checkout journey by adding any product to the cart",
          "fullFile": "",
          "file": "",
          "beforeHooks": [],
          "afterHooks": [],
          "tests": [
            {
              "title": "Add the product printed chiffon dress into the cart, checkout and validate",
              "fullTitle": "Verify the checkout journey by adding any product to the cart Add the product printed chiffon dress into the cart, checkout and validate",
              "timedOut": null,
              "duration": 24861,
              "state": "passed",
              "speed": "slow",
              "pass": true,
              "fail": false,
              "pending": false,
              "context": null,
              "code": "summerDressPage = homePage.gotoWomensSummerDress(_baseFixture[\"default\"].waitTime);\ncy.url().should('include', _baseFixture[\"default\"].summerDressPageURL);\ncy.log(_baseFixture[\"default\"][\"step-1\"]);\nproductPage = summerDressPage.navigateToChiffonDressPage();\ncy.url().should('include', _baseFixture[\"default\"].productPageURL);\ncy.log(_baseFixture[\"default\"][\"step-2\"]);\nproductPage.addProductToCart();\nproductPage.verifyProductAddedToCart();\ncartPage = productPage.proceedToCheckout();\ncy.url().should('include', _baseFixture[\"default\"].cartPageURL);\ncartPage.verifyCartInformation();\nauthPage = cartPage.proceedToAddressPage();\ncy.log(_baseFixture[\"default\"][\"step-3\"]);\nshoppingAddressPage = authPage.signIntoApplication(_baseFixture[\"default\"].userName, _baseFixture[\"default\"].password);\nshoppingAddressPage.getSignOutBtn().should('be.visible');\ncy.url().should('include', _baseFixture[\"default\"].shoppingPageURL);\ncy.log(_baseFixture[\"default\"][\"step-4\"]);\nshoppingAddressPage.addCommentForTheOrder(_baseFixture[\"default\"].addressComment);\nshippingPage = shoppingAddressPage.gotoCheckout();\nshippingPage.validateShippingPage();\ncy.log(_baseFixture[\"default\"][\"step-5\"]);\nshippingPage.readTermsOfServieAndClose();\nshippingPage.checkTermsConditionCheckBox();\npaymentPage = shippingPage.proceedToPaymentPage();\npaymentPage.validatePaymentPage();\ncy.log(_baseFixture[\"default\"][\"step-6\"]);\nif (_baseFixture[\"default\"].paymentMethod === 'bank') {\n  orderSummaryPage = paymentPage.payByBankWire();\n  orderSummaryPage.validateOrderSummaryPageViaBankTransfer();\n  cy.log(_baseFixture[\"default\"][\"step-7\"]);\n  orderConfirmationPage = orderSummaryPage.confirmMyOrder();\n  orderConfirmationPage.validateOrderConfirmationByBank();\n} else if (_baseFixture[\"default\"].paymentMethod === 'check') {\n  orderSummaryPage = paymentPage.payByCheck();\n  orderSummaryPage.validateOrderSummaryPageViaCheck();\n  cy.log(_baseFixture[\"default\"][\"step-7\"]);\n  orderConfirmationPage = orderSummaryPage.confirmMyOrder();\n  orderConfirmationPage.validateOrderConfirmationByCheck();\n}",
              "err": {},
              "uuid": "1612105c-c4fc-4b91-a060-e1e6d04092a2",
              "parentUUID": "80206004-555c-4cc3-801e-1080ac54bab6",
              "isHook": false,
              "skipped": false
            }
          ],
          "suites": [],
          "passes": [
            "1612105c-c4fc-4b91-a060-e1e6d04092a2"
          ],
          "failures": [],
          "pending": [],
          "skipped": [],
          "duration": 24861,
          "root": false,
          "rootEmpty": false,
          "_timeout": 2000
        }
      ],
      "passes": [],
      "failures": [],
      "pending": [],
      "skipped": [],
      "duration": 0,
      "root": true,
      "rootEmpty": true,
      "_timeout": 2000
    }
  ],
  "meta": {
    "mocha": {
      "version": "7.0.1"
    },
    "mochawesome": {
      "options": {
        "quiet": false,
        "reportFilename": "mochawesome",
        "saveHtml": false,
        "saveJson": true,
        "consoleReporter": "spec",
        "useInlineDiffs": false,
        "code": true
      },
      "version": "6.2.1"
    },
    "marge": {
      "options": {
        "id": "default",
        "reportDir": "cypress/reports/mocha",
        "quite": true,
        "overwrite": false,
        "html": false,
        "json": true
      },
      "version": "5.1.0"
    }
  }
}